
/home/runner/work/exp-majority-logic-reed-muller-iiith/exp-majority-logic-reed-muller-iiith/experiment/simulation/js/majority_logic.js
  143:5   warning  'currentPolynomial' is not defined              no-undef
  148:13  warning  'currentPolynomial' is not defined              no-undef
  152:42  warning  'currentPolynomial' is not defined              no-undef
  153:31  warning  'currentPolynomial' is not defined              no-undef
  224:11  warning  'allInputs' is assigned a value but never used  no-unused-vars
  243:39  warning  'func' is defined but never used                no-unused-vars
  366:9   warning  'MathJax' is not defined                        no-undef
  389:9   warning  'MathJax' is not defined                        no-undef

/home/runner/work/exp-majority-logic-reed-muller-iiith/exp-majority-logic-reed-muller-iiith/experiment/simulation/js/monomial.js
   12:5   warning  'correctSubcodewordSums' is assigned a value but never used  no-unused-vars
   13:5   warning  'correctMajorityResult' is assigned a value but never used   no-unused-vars
  147:43  warning  'correctSubcode' is defined but never used                   no-unused-vars
  215:9   warning  'MathJax' is not defined                                     no-undef
  220:10  warning  'checkSubcode' is defined but never used                     no-unused-vars
  296:10  warning  'resetMajorityDecoder' is defined but never used             no-unused-vars
  318:10  warning  'nextSubcode' is defined but never used                      no-unused-vars
  344:10  warning  'indexToBinaryVector' is defined but never used              no-unused-vars
  349:10  warning  'binaryVectorToIndex' is defined but never used              no-unused-vars
  354:10  warning  'addVectors' is defined but never used                       no-unused-vars

✖ 18 problems (0 errors, 18 warnings)

